
2019-05-05 14:47:42 INFO  Main:8 - Запуск
2019-05-05 14:47:42 INFO  Main:10 - Создан обьект: by.bnty.fitr.fusman.simpletube.client.SimpleTube@49c2faae
2019-05-05 14:47:42 INFO  Main:11 - Статус Offline
2019-05-05 14:47:42 INFO  Main:12 - Начал работать
2019-05-05 14:48:10 INFO  Main:8 - Запуск
2019-05-05 14:48:10 INFO  Main:10 - Создан обьект: by.bnty.fitr.fusman.simpletube.client.SimpleTube@439f5b3d
2019-05-05 14:48:10 INFO  Main:11 - Статус Offline
2019-05-05 14:48:10 INFO  Main:12 - Начал работать
2019-05-05 14:48:10 INFO  VideoExample:99 - Запуск приложение
2019-05-05 15:00:38 INFO  Main:8 - Запуск
2019-05-05 15:00:38 INFO  Main:10 - Создан обьект: by.bnty.fitr.fusman.simpletube.client.SimpleTube@439f5b3d
2019-05-05 15:00:38 INFO  Main:11 - Статус Offline
2019-05-05 15:00:38 INFO  Main:12 - Начал работать
2019-05-05 15:00:38 INFO  VideoExample:102 - Запуск приложение
2019-05-05 15:01:24 INFO  Main:8 - Запуск
2019-05-05 15:01:24 INFO  Main:10 - Создан обьект: by.bnty.fitr.fusman.simpletube.client.SimpleTube@49c2faae
2019-05-05 15:01:24 INFO  Main:11 - Статус Offline
2019-05-05 15:01:24 INFO  Main:12 - Начал работать
2019-05-05 15:01:24 INFO  VideoExample:102 - Запуск приложение
2019-05-05 15:01:55 INFO  Main:8 - Запуск
2019-05-05 15:01:55 INFO  Main:10 - Создан обьект: by.bnty.fitr.fusman.simpletube.client.SimpleTube@49c2faae
2019-05-05 15:01:55 INFO  Main:11 - Статус Offline
2019-05-05 15:01:55 INFO  Main:12 - Начал работать
2019-05-05 15:01:55 INFO  VideoExample:102 - Запуск приложение
2019-05-05 15:02:05 INFO  Main:14 - Конец работы
2019-05-05 17:05:50 INFO  Main:8 - Запуск
2019-05-05 17:05:50 INFO  Main:10 - Создан обьект: by.bnty.fitr.fusman.simpletube.client.SimpleTube@439f5b3d
2019-05-05 17:05:50 INFO  Main:11 - Статус Offline
2019-05-05 17:05:50 INFO  Main:12 - Начал работать
2019-05-05 17:05:50 INFO  VideoExample:107 - Запуск приложение
2019-05-05 17:06:21 INFO  Main:14 - Конец работы
2019-05-05 17:09:50 INFO  Main:8 - Запуск
2019-05-05 17:09:50 INFO  Main:10 - Создан обьект: by.bnty.fitr.fusman.simpletube.client.SimpleTube@49c2faae
2019-05-05 17:09:50 INFO  Main:11 - Статус Offline
2019-05-05 17:09:50 INFO  Main:12 - Начал работать
2019-05-05 17:09:50 INFO  VideoExample:120 - Запуск приложение
2019-05-05 17:10:36 INFO  Main:14 - Конец работы
2019-05-05 17:12:34 INFO  Main:8 - Запуск
2019-05-05 17:12:34 INFO  Main:10 - Создан обьект: by.bnty.fitr.fusman.simpletube.client.SimpleTube@439f5b3d
2019-05-05 17:12:34 INFO  Main:11 - Статус Offline
2019-05-05 17:12:34 INFO  Main:12 - Начал работать
2019-05-05 17:12:35 INFO  VideoExample:120 - Запуск приложение
2019-05-05 17:13:57 INFO  Main:14 - Конец работы
2019-05-05 17:14:44 INFO  Main:8 - Запуск
2019-05-05 17:14:44 INFO  Main:10 - Создан обьект: by.bnty.fitr.fusman.simpletube.client.SimpleTube@439f5b3d
2019-05-05 17:14:44 INFO  Main:11 - Статус Offline
2019-05-05 17:14:44 INFO  Main:12 - Начал работать
2019-05-05 17:14:45 INFO  VideoExample:120 - Запуск приложение
2019-05-05 17:15:02 INFO  Main:14 - Конец работы
2019-05-05 17:15:22 INFO  Main:8 - Запуск
2019-05-05 17:15:22 INFO  Main:10 - Создан обьект: by.bnty.fitr.fusman.simpletube.client.SimpleTube@49c2faae
2019-05-05 17:15:22 INFO  Main:11 - Статус Offline
2019-05-05 17:15:22 INFO  Main:12 - Начал работать
2019-05-05 17:15:22 INFO  VideoExample:120 - Запуск приложение
2019-05-05 17:15:34 INFO  Main:14 - Конец работы
2019-05-05 17:17:55 INFO  Main:8 - Запуск
2019-05-05 17:17:55 INFO  Main:10 - Создан обьект: by.bnty.fitr.fusman.simpletube.client.SimpleTube@49c2faae
2019-05-05 17:17:55 INFO  Main:11 - Статус Offline
2019-05-05 17:17:55 INFO  Main:12 - Начал работать
2019-05-05 17:17:55 INFO  VideoExample:120 - Запуск приложение
2019-05-05 17:18:06 INFO  Main:14 - Конец работы
2019-05-05 17:19:24 INFO  Main:8 - Запуск
2019-05-05 17:19:24 INFO  Main:10 - Создан обьект: by.bnty.fitr.fusman.simpletube.client.SimpleTube@439f5b3d
2019-05-05 17:19:24 INFO  Main:11 - Статус Offline
2019-05-05 17:19:24 INFO  Main:12 - Начал работать
2019-05-05 17:19:24 INFO  VideoExample:120 - Запуск приложение
2019-05-05 17:19:39 INFO  Main:14 - Конец работы
2019-05-05 17:37:26 INFO  Main:9 - Запуск
2019-05-05 17:37:26 INFO  MainServer:43 - Waiting for a client...
2019-05-05 17:38:10 INFO  MainServer:47 - Client connected
2019-05-05 17:40:44 INFO  Main:9 - Запуск
2019-05-05 17:40:45 INFO  MainServer:43 - Waiting for a client...
2019-05-05 17:40:50 INFO  MainServer:47 - Client connected
2019-05-05 17:45:34 INFO  Main:9 - Запуск
2019-05-05 18:00:27 INFO  Main:8 - Запуск
2019-05-05 18:00:27 INFO  Main:10 - Создан обьект: by.bnty.fitr.fusman.simpletube.client.SimpleTube@49c2faae
2019-05-05 18:00:27 INFO  Main:11 - Статус Offline
2019-05-05 18:00:27 INFO  Main:12 - Начал работать
2019-05-05 18:00:27 INFO  VideoExample:120 - Запуск приложение
2019-05-05 20:07:22 INFO  Main:9 - Запуск
2019-05-05 20:07:46 INFO  MainServer:33 - New clientSocket[addr=/127.0.0.1,port=59220,localport=65432]
2019-05-05 20:08:47 INFO  MainServer:33 - New clientSocket[addr=/127.0.0.1,port=59231,localport=65432]
2019-05-05 20:11:28 INFO  Main:9 - Запуск
2019-05-05 20:11:35 INFO  MainServer:33 - New clientSocket[addr=/127.0.0.1,port=59261,localport=65432]
2019-05-05 20:14:53 INFO  Main:9 - Запуск
2019-05-05 20:15:18 INFO  MainServer:33 - New clientSocket[addr=/127.0.0.1,port=59294,localport=65432]
2019-05-05 20:15:38 INFO  MainServer:33 - New clientSocket[addr=/127.0.0.1,port=59302,localport=65432]
