2019-05-16 18:30:27 INFO  Main:9 - Запуск
2019-05-16 18:30:27 INFO  MainServer:30 - ServerSocket[addr=0.0.0.0/0.0.0.0,localport=65432]
2019-05-16 18:30:27 INFO  MainServer:33 - waiting
2019-05-16 18:30:53 INFO  Main:9 - Запуск
2019-05-16 18:30:53 INFO  MainForm:44 - Запуск приложение
2019-05-16 18:31:05 INFO  MainForm:126 - Start AuthorationForm
2019-05-16 18:31:19 INFO  AuthorationForm:70 - run
2019-05-16 18:31:19 INFO  MainServer:35 - New client Socket[addr=/127.0.0.1,port=54891,localport=65432]
2019-05-16 18:31:19 INFO  AuthorationForm:76 - Sent
2019-05-16 18:31:19 INFO  MainServer:39 - Auth
2019-05-16 18:31:19 INFO  AuthorizationServer:34 - Email:pp@mail.com
2019-05-16 18:31:19 INFO  AuthorizationServer:40 - Call WorkerSQL
2019-05-16 18:31:19 INFO  WorkerSQL:78 - run
2019-05-16 18:31:23 INFO  WorkerSQL:88 - Email: root@gmail.com
2019-05-16 18:31:23 INFO  WorkerSQL:88 - Email: root2@gmail.com
2019-05-16 18:31:23 INFO  WorkerSQL:88 - Email: root3@gmail.com
2019-05-16 18:31:23 INFO  WorkerSQL:88 - Email: vadim@gmail.com
2019-05-16 18:31:23 INFO  WorkerSQL:88 - Email: kek@gmail.com
2019-05-16 18:31:23 INFO  WorkerSQL:88 - Email: pop@mail.com
2019-05-16 18:31:23 INFO  WorkerSQL:88 - Email: popr@mail.com
2019-05-16 18:31:23 INFO  WorkerSQL:88 - Email: root@gmail.ru
2019-05-16 18:31:23 INFO  WorkerSQL:88 - Email: roott@gmail.com
2019-05-16 18:31:23 INFO  WorkerSQL:88 - Email: rooott@gmail.com
2019-05-16 18:31:23 INFO  WorkerSQL:88 - Email: roout@gmail.com
2019-05-16 18:31:23 INFO  WorkerSQL:88 - Email: rooi@gmail.com
2019-05-16 18:31:23 INFO  WorkerSQL:88 - Email: rooyi@gmail.com
2019-05-16 18:31:23 INFO  WorkerSQL:88 - Email: pp@mail.com
2019-05-16 18:31:23 INFO  WorkerSQL:103 - Total point:false
2019-05-16 18:31:23 WARN  AuthorizationServer:46 - not success
2019-05-16 18:31:23 INFO  AuthorizationServer:51 - Total point:false
2019-05-16 18:31:23 WARN  AuthorationForm:90 - Fail
2019-05-16 18:31:23 INFO  AuthorizationServer:67 - Done!
2019-05-16 18:31:23 INFO  AuthorationForm:96 - Done
2019-05-16 18:31:23 INFO  MainServer:33 - waiting
2019-05-16 18:31:35 INFO  AuthorationForm:70 - run
2019-05-16 18:31:35 INFO  AuthorationForm:76 - Sent
2019-05-16 18:31:35 INFO  MainServer:35 - New client Socket[addr=/127.0.0.1,port=54895,localport=65432]
2019-05-16 18:31:35 INFO  MainServer:39 - Auth
2019-05-16 18:31:35 INFO  AuthorizationServer:34 - Email:pp@mail.com
2019-05-16 18:31:35 INFO  AuthorizationServer:40 - Call WorkerSQL
2019-05-16 18:31:35 INFO  WorkerSQL:78 - run
2019-05-16 18:31:35 INFO  WorkerSQL:88 - Email: root@gmail.com
2019-05-16 18:31:35 INFO  WorkerSQL:88 - Email: root2@gmail.com
2019-05-16 18:31:35 INFO  WorkerSQL:88 - Email: root3@gmail.com
2019-05-16 18:31:35 INFO  WorkerSQL:88 - Email: vadim@gmail.com
2019-05-16 18:31:35 INFO  WorkerSQL:88 - Email: kek@gmail.com
2019-05-16 18:31:35 INFO  WorkerSQL:88 - Email: pop@mail.com
2019-05-16 18:31:35 INFO  WorkerSQL:88 - Email: popr@mail.com
2019-05-16 18:31:35 INFO  WorkerSQL:88 - Email: root@gmail.ru
2019-05-16 18:31:35 INFO  WorkerSQL:88 - Email: roott@gmail.com
2019-05-16 18:31:35 INFO  WorkerSQL:88 - Email: rooott@gmail.com
2019-05-16 18:31:35 INFO  WorkerSQL:88 - Email: roout@gmail.com
2019-05-16 18:31:35 INFO  WorkerSQL:88 - Email: rooi@gmail.com
2019-05-16 18:31:35 INFO  WorkerSQL:88 - Email: rooyi@gmail.com
2019-05-16 18:31:35 INFO  WorkerSQL:88 - Email: pp@mail.com
2019-05-16 18:31:35 INFO  WorkerSQL:93 - Success
2019-05-16 18:31:35 INFO  WorkerSQL:103 - Total point:true
ppp
2019-05-16 18:31:35 WARN  AuthorizationServer:46 - not success
2019-05-16 18:31:35 INFO  AuthorizationServer:51 - Total point:true
ppp
2019-05-16 18:31:35 INFO  AuthorizationServer:60 - ppp
2019-05-16 18:31:35 INFO  WorkerSQL:129 - run
2019-05-16 18:31:35 INFO  WorkerSQL:130 - PPP345845514
2019-05-16 18:31:35 INFO  AuthorizationServer:67 - Done!
2019-05-16 18:31:35 INFO  AuthorationForm:80 - Success
2019-05-16 18:31:35 INFO  AuthorationForm:84 - Account{email='pp@mail.com', nickname='ppp', playlists=ArrayPlaylists{, name='null', countPlaylist=0, playlist=[]}, status=Usual}
2019-05-16 18:31:35 INFO  MainServer:33 - waiting
2019-05-16 18:31:35 INFO  AuthorationForm:86 - Account{email='pp@mail.com', nickname='ppp', playlists=ArrayPlaylists{, name='null', countPlaylist=3, playlist=[ArrayVideo{name='wtf', countPlaylist=4, playlist=[Video{name='kek', data=Thu May 16 18:31:35 MSK 2019, countViews=0, countLikes=0, countDizLikes=0}, Video{name='lolkek', data=Thu May 16 18:31:35 MSK 2019, countViews=0, countLikes=0, countDizLikes=0}, Video{name='oru', data=Thu May 16 18:31:35 MSK 2019, countViews=0, countLikes=0, countDizLikes=0}, Video{name='lolkekek', data=Thu May 16 18:31:35 MSK 2019, countViews=0, countLikes=0, countDizLikes=0}]}, ArrayVideo{name='lol', countPlaylist=2, playlist=[Video{name='kusa', data=Thu May 16 18:31:35 MSK 2019, countViews=0, countLikes=0, countDizLikes=0}, Video{name='kusa', data=Thu May 16 18:31:35 MSK 2019, countViews=0, countLikes=0, countDizLikes=0}]}, ArrayVideo{name='W', countPlaylist=1, playlist=[Video{name='LOL', data=Thu May 16 18:31:35 MSK 2019, countViews=0, countLikes=0, countDizLikes=0}]}]}, status=Usual}
2019-05-16 18:31:35 INFO  AuthorationForm:96 - Done
2019-05-16 18:31:38 INFO  MainForm:128 - Account{email='pp@mail.com', nickname='ppp', playlists=ArrayPlaylists{, name='null', countPlaylist=3, playlist=[ArrayVideo{name='wtf', countPlaylist=4, playlist=[Video{name='kek', data=Thu May 16 18:31:35 MSK 2019, countViews=0, countLikes=0, countDizLikes=0}, Video{name='lolkek', data=Thu May 16 18:31:35 MSK 2019, countViews=0, countLikes=0, countDizLikes=0}, Video{name='oru', data=Thu May 16 18:31:35 MSK 2019, countViews=0, countLikes=0, countDizLikes=0}, Video{name='lolkekek', data=Thu May 16 18:31:35 MSK 2019, countViews=0, countLikes=0, countDizLikes=0}]}, ArrayVideo{name='lol', countPlaylist=2, playlist=[Video{name='kusa', data=Thu May 16 18:31:35 MSK 2019, countViews=0, countLikes=0, countDizLikes=0}, Video{name='kusa', data=Thu May 16 18:31:35 MSK 2019, countViews=0, countLikes=0, countDizLikes=0}]}, ArrayVideo{name='W', countPlaylist=1, playlist=[Video{name='LOL', data=Thu May 16 18:31:35 MSK 2019, countViews=0, countLikes=0, countDizLikes=0}]}]}, status=Usual}
2019-05-16 18:31:42 INFO  AccountForm:83 - 1
2019-05-16 18:31:42 INFO  AccountForm:84 - 0
2019-05-16 18:31:44 INFO  AccountForm:83 - 1
2019-05-16 18:31:44 INFO  AccountForm:84 - 0
2019-05-16 18:31:48 INFO  MainForm:134 - Select videoVideo{name='kusa', data=Thu May 16 18:31:35 MSK 2019, countViews=0, countLikes=0, countDizLikes=0}
2019-05-16 18:32:26 INFO  MainForm:146 - kekeke.mp4
2019-05-16 18:32:26 INFO  MainForm:147 - ppp345845514
2019-05-16 18:32:26 INFO  MainForm:149 - ppp345845514//kekeke.mp4
2019-05-16 18:32:26 INFO  MainForm:153 - wait
2019-05-16 18:32:26 INFO  MainForm:158 - ppp345845514//kekeke.mp4
2019-05-16 18:32:26 INFO  MainForm:159 - sent
2019-05-16 18:32:26 INFO  MainServer:35 - New client Socket[addr=/127.0.0.1,port=54904,localport=65432]
2019-05-16 18:32:26 INFO  MainServer:39 - skachat
2019-05-16 18:32:26 INFO  DonloadingServer:30 - File path:F://serverstorage//ppp345845514//kekeke.mp4
2019-05-16 18:32:26 INFO  MainForm:166 - File name:kekeke.mp4 size:3313253
2019-05-16 18:32:26 INFO  DonloadingServer:37 - File length:3313253 name:kekeke.mp4
2019-05-16 18:32:26 INFO  DonloadingServer:53 - Done!
2019-05-16 18:32:26 INFO  MainServer:33 - waiting
2019-05-16 18:32:26 INFO  MainForm:189 - Done!
2019-05-16 18:32:26 INFO  MainForm:49 - Open to watch:file:/F://clientstorage//kekeke.mp4
2019-05-16 18:33:39 INFO  MainForm:126 - Start AuthorationForm
2019-05-16 18:33:53 INFO  AuthorationForm:70 - run
2019-05-16 18:33:53 INFO  AuthorationForm:76 - Sent
2019-05-16 18:33:53 INFO  MainServer:35 - New client Socket[addr=/127.0.0.1,port=54917,localport=65432]
2019-05-16 18:33:53 INFO  MainServer:39 - Auth
2019-05-16 18:33:53 INFO  AuthorizationServer:34 - Email:mom@gmail.com
2019-05-16 18:33:53 INFO  AuthorizationServer:40 - Call WorkerSQL
2019-05-16 18:33:53 INFO  WorkerSQL:78 - run
2019-05-16 18:33:53 INFO  WorkerSQL:88 - Email: root@gmail.com
2019-05-16 18:33:53 INFO  WorkerSQL:88 - Email: root2@gmail.com
2019-05-16 18:33:53 INFO  WorkerSQL:88 - Email: root3@gmail.com
2019-05-16 18:33:53 INFO  WorkerSQL:88 - Email: vadim@gmail.com
2019-05-16 18:33:53 INFO  WorkerSQL:88 - Email: kek@gmail.com
2019-05-16 18:33:53 INFO  WorkerSQL:88 - Email: pop@mail.com
2019-05-16 18:33:53 INFO  WorkerSQL:88 - Email: popr@mail.com
2019-05-16 18:33:53 INFO  WorkerSQL:88 - Email: root@gmail.ru
2019-05-16 18:33:53 INFO  WorkerSQL:88 - Email: roott@gmail.com
2019-05-16 18:33:53 INFO  WorkerSQL:88 - Email: rooott@gmail.com
2019-05-16 18:33:53 INFO  WorkerSQL:88 - Email: roout@gmail.com
2019-05-16 18:33:53 INFO  WorkerSQL:88 - Email: rooi@gmail.com
2019-05-16 18:33:53 INFO  WorkerSQL:88 - Email: rooyi@gmail.com
2019-05-16 18:33:53 INFO  WorkerSQL:88 - Email: pp@mail.com
2019-05-16 18:33:53 INFO  WorkerSQL:88 - Email: popka@gmail.com
2019-05-16 18:33:53 INFO  WorkerSQL:88 - Email: popkaa@gmail.com
2019-05-16 18:33:53 INFO  WorkerSQL:88 - Email: ruut@gmail.com
2019-05-16 18:33:53 INFO  WorkerSQL:88 - Email: mom@gmail.com
2019-05-16 18:33:53 INFO  WorkerSQL:93 - Success
2019-05-16 18:33:53 INFO  WorkerSQL:103 - Total point:true
momo
2019-05-16 18:33:53 WARN  AuthorizationServer:46 - not success
2019-05-16 18:33:53 INFO  AuthorizationServer:51 - Total point:true
momo
2019-05-16 18:33:53 INFO  AuthorizationServer:60 - momo
2019-05-16 18:33:53 INFO  WorkerSQL:129 - run
2019-05-16 18:33:53 INFO  WorkerSQL:130 - MOMO40321852
2019-05-16 18:33:53 INFO  AuthorizationServer:67 - Done!
2019-05-16 18:33:53 INFO  AuthorationForm:80 - Success
2019-05-16 18:33:53 INFO  AuthorationForm:84 - Account{email='mom@gmail.com', nickname='momo', playlists=ArrayPlaylists{, name='null', countPlaylist=0, playlist=[]}, status=Usual}
2019-05-16 18:33:53 INFO  AuthorationForm:86 - Account{email='mom@gmail.com', nickname='momo', playlists=ArrayPlaylists{, name='null', countPlaylist=1, playlist=[ArrayVideo{name='Cosplay', countPlaylist=1, playlist=[Video{name='Rusalka', data=Thu May 16 18:33:53 MSK 2019, countViews=0, countLikes=0, countDizLikes=0}]}]}, status=Usual}
2019-05-16 18:33:53 INFO  AuthorationForm:96 - Done
2019-05-16 18:33:53 INFO  MainServer:33 - waiting
2019-05-16 18:33:55 INFO  MainForm:128 - Account{email='mom@gmail.com', nickname='momo', playlists=ArrayPlaylists{, name='null', countPlaylist=1, playlist=[ArrayVideo{name='Cosplay', countPlaylist=1, playlist=[Video{name='Rusalka', data=Thu May 16 18:33:53 MSK 2019, countViews=0, countLikes=0, countDizLikes=0}]}]}, status=Usual}
2019-05-16 18:33:58 INFO  AccountForm:83 - 0
2019-05-16 18:33:58 INFO  AccountForm:84 - 0
2019-05-16 18:33:59 INFO  AccountForm:83 - 0
2019-05-16 18:33:59 INFO  AccountForm:84 - 0
2019-05-16 18:34:00 INFO  MainForm:134 - Select videoVideo{name='Rusalka', data=Thu May 16 18:33:53 MSK 2019, countViews=0, countLikes=0, countDizLikes=0}
2019-05-16 18:34:01 INFO  MainForm:146 - 654.mp4
2019-05-16 18:34:01 INFO  MainForm:147 - momo40321852
2019-05-16 18:34:01 INFO  MainForm:149 - momo40321852//654.mp4
2019-05-16 18:34:01 INFO  MainForm:153 - wait
2019-05-16 18:34:01 INFO  MainForm:158 - momo40321852//654.mp4
2019-05-16 18:34:01 INFO  MainForm:159 - sent
2019-05-16 18:34:01 INFO  MainServer:35 - New client Socket[addr=/127.0.0.1,port=54922,localport=65432]
2019-05-16 18:34:01 INFO  MainServer:39 - skachat
2019-05-16 18:34:01 INFO  DonloadingServer:30 - File path:F://serverstorage//momo40321852//654.mp4
2019-05-16 18:34:01 INFO  DonloadingServer:37 - File length:9399863 name:654.mp4
2019-05-16 18:34:01 INFO  MainForm:166 - File name:654.mp4 size:9399863
2019-05-16 18:34:02 INFO  DonloadingServer:53 - Done!
2019-05-16 18:34:02 INFO  MainServer:33 - waiting
2019-05-16 18:34:02 INFO  MainForm:189 - Done!
2019-05-16 18:34:02 INFO  MainForm:49 - Open to watch:file:/F://clientstorage//654.mp4
2019-05-16 18:35:42 INFO  MainForm:134 - Select videonull
2019-05-16 18:39:34 INFO  Main:11 - Конец работы
2019-05-17 09:22:57 INFO  Main:9 - Р—Р°РїСѓСЃРє
2019-05-17 09:22:58 INFO  MainForm:44 - Р—Р°РїСѓСЃРє РїСЂРёР»РѕР¶РµРЅРёРµ
2019-05-17 09:23:18 INFO  Main:11 - РљРѕРЅРµС† СЂР°Р±РѕС‚С‹
